# JRE version: OpenJDK Runtime Environment (8.0_152-b08) (build 1.8.0_152-release-915-b08)
# Java VM: OpenJDK 64-Bit Server VM (25.152-b08 mixed mode bsd-amd64 compressed oops)
Heap:
 PSYoungGen      total 167424K, used 86963K [0x00000007a0000000, 0x00000007ad080000, 0x00000007c0000000)
  eden space 131584K, 43% used [0x00000007a0000000,0x00000007a3846cb8,0x00000007a8080000)
  from space 35840K, 81% used [0x00000007aad80000,0x00000007aca26250,0x00000007ad080000)
  to   space 40960K, 0% used [0x00000007a8080000,0x00000007a8080000,0x00000007aa880000)
 ParOldGen       total 94208K, used 56864K [0x0000000760000000, 0x0000000765c00000, 0x00000007a0000000)
  object space 94208K, 60% used [0x0000000760000000,0x0000000763788128,0x0000000765c00000)
 Metaspace       used 84253K, capacity 92314K, committed 92376K, reserved 1128448K
  class space    used 10725K, capacity 12487K, committed 12544K, reserved 1048576K
GC Heap History (10 events):
Event: 5726.305 GC heap before
{Heap before GC invocations=39 (full 3):
 PSYoungGen      total 189952K, used 189605K [0x00000007a0000000, 0x00000007aef00000, 0x00000007c0000000)
  eden space 157696K, 100% used [0x00000007a0000000,0x00000007a9a00000,0x00000007a9a00000)
  from space 32256K, 98% used [0x00000007aa700000,0x00000007ac629520,0x00000007ac680000)
  to   space 41472K, 0% used [0x00000007ac680000,0x00000007ac680000,0x00000007aef00000)
 ParOldGen       total 94208K, used 55821K [0x0000000760000000, 0x0000000765c00000, 0x00000007a0000000)
  object space 94208K, 59% used [0x0000000760000000,0x0000000763683668,0x0000000765c00000)
 Metaspace       used 83896K, capacity 91778K, committed 92120K, reserved 1128448K
  class space    used 10705K, capacity 12441K, committed 12544K, reserved 1048576K
Event: 5726.515 GC heap after
Heap after GC invocations=39 (full 3):
 PSYoungGen      total 189952K, used 33138K [0x00000007a0000000, 0x00000007aeb80000, 0x00000007c0000000)
  eden space 152064K, 0% used [0x00000007a0000000,0x00000007a0000000,0x00000007a9480000)
  from space 37888K, 87% used [0x00000007ac680000,0x00000007ae6dc978,0x00000007aeb80000)
  to   space 44544K, 0% used [0x00000007a9480000,0x00000007a9480000,0x00000007ac000000)
 ParOldGen       total 94208K, used 55949K [0x0000000760000000, 0x0000000765c00000, 0x00000007a0000000)
  object space 94208K, 59% used [0x0000000760000000,0x00000007636a3520,0x0000000765c00000)
 Metaspace       used 83896K, capacity 91778K, committed 92120K, reserved 1128448K
  class space    used 10705K, capacity 12441K, committed 12544K, reserved 1048576K
}
Event: 5730.914 GC heap before
{Heap before GC invocations=40 (full 3):
 PSYoungGen      total 189952K, used 185202K [0x00000007a0000000, 0x00000007aeb80000, 0x00000007c0000000)
  eden space 152064K, 100% used [0x00000007a0000000,0x00000007a9480000,0x00000007a9480000)
  from space 37888K, 87% used [0x00000007ac680000,0x00000007ae6dc978,0x00000007aeb80000)
  to   space 44544K, 0% used [0x00000007a9480000,0x00000007a9480000,0x00000007ac000000)
 ParOldGen       total 94208K, used 55949K [0x0000000760000000, 0x0000000765c00000, 0x00000007a0000000)
  object space 94208K, 59% used [0x0000000760000000,0x00000007636a3520,0x0000000765c00000)
 Metaspace       used 83964K, capacity 91842K, committed 92120K, reserved 1128448K
  class space    used 10705K, capacity 12441K, committed 12544K, reserved 1048576K
Event: 5730.989 GC heap after
Heap after GC invocations=40 (full 3):
 PSYoungGen      total 174080K, used 27596K [0x00000007a0000000, 0x00000007ae300000, 0x00000007c0000000)
  eden space 146432K, 0% used [0x00000007a0000000,0x00000007a0000000,0x00000007a8f00000)
  from space 27648K, 99% used [0x00000007a9480000,0x00000007aaf73170,0x00000007aaf80000)
  to   space 43008K, 0% used [0x00000007ab900000,0x00000007ab900000,0x00000007ae300000)
 ParOldGen       total 94208K, used 56261K [0x0000000760000000, 0x0000000765c00000, 0x00000007a0000000)
  object space 94208K, 59% used [0x0000000760000000,0x00000007636f1540,0x0000000765c00000)
 Metaspace       used 83964K, capacity 91842K, committed 92120K, reserved 1128448K
  class space    used 10705K, capacity 12441K, committed 12544K, reserved 1048576K
}
Event: 5903.425 GC heap before
{Heap before GC invocations=41 (full 3):
 PSYoungGen      total 174080K, used 174028K [0x00000007a0000000, 0x00000007ae300000, 0x00000007c0000000)
  eden space 146432K, 100% used [0x00000007a0000000,0x00000007a8f00000,0x00000007a8f00000)
  from space 27648K, 99% used [0x00000007a9480000,0x00000007aaf73170,0x00000007aaf80000)
  to   space 43008K, 0% used [0x00000007ab900000,0x00000007ab900000,0x00000007ae300000)
 ParOldGen       total 94208K, used 56261K [0x0000000760000000, 0x0000000765c00000, 0x00000007a0000000)
  object space 94208K, 59% used [0x0000000760000000,0x00000007636f1540,0x0000000765c00000)
 Metaspace       used 84057K, capacity 92026K, committed 92120K, reserved 1128448K
  class space    used 10717K, capacity 12481K, committed 12544K, reserved 1048576K
Event: 5903.644 GC heap after
Heap after GC invocations=41 (full 3):
 PSYoungGen      total 178176K, used 29177K [0x00000007a0000000, 0x00000007add00000, 0x00000007c0000000)
  eden space 141312K, 0% used [0x00000007a0000000,0x00000007a0000000,0x00000007a8a00000)
  from space 36864K, 79% used [0x00000007ab900000,0x00000007ad57e7a8,0x00000007add00000)
  to   space 42496K, 0% used [0x00000007a8a00000,0x00000007a8a00000,0x00000007ab380000)
 ParOldGen       total 94208K, used 56548K [0x0000000760000000, 0x0000000765c00000, 0x00000007a0000000)
  object space 94208K, 60% used [0x0000000760000000,0x00000007637393d8,0x0000000765c00000)
 Metaspace       used 84057K, capacity 92026K, committed 92120K, reserved 1128448K
  class space    used 10717K, capacity 12481K, committed 12544K, reserved 1048576K
}
Event: 5941.309 GC heap before
{Heap before GC invocations=42 (full 3):
 PSYoungGen      total 178176K, used 170489K [0x00000007a0000000, 0x00000007add00000, 0x00000007c0000000)
  eden space 141312K, 100% used [0x00000007a0000000,0x00000007a8a00000,0x00000007a8a00000)
  from space 36864K, 79% used [0x00000007ab900000,0x00000007ad57e7a8,0x00000007add00000)
  to   space 42496K, 0% used [0x00000007a8a00000,0x00000007a8a00000,0x00000007ab380000)
 ParOldGen       total 94208K, used 56548K [0x0000000760000000, 0x0000000765c00000, 0x00000007a0000000)
  object space 94208K, 60% used [0x0000000760000000,0x00000007637393d8,0x0000000765c00000)
 Metaspace       used 84145K, capacity 92166K, committed 92376K, reserved 1128448K
  class space    used 10721K, capacity 12485K, committed 12544K, reserved 1048576K
Event: 5941.363 GC heap after
Heap after GC invocations=42 (full 3):
 PSYoungGen      total 165376K, used 29042K [0x00000007a0000000, 0x00000007ad600000, 0x00000007c0000000)
  eden space 136192K, 0% used [0x00000007a0000000,0x00000007a0000000,0x00000007a8500000)
  from space 29184K, 99% used [0x00000007a8a00000,0x00000007aa65cae8,0x00000007aa680000)
  to   space 41472K, 0% used [0x00000007aad80000,0x00000007aad80000,0x00000007ad600000)
 ParOldGen       total 94208K, used 56740K [0x0000000760000000, 0x0000000765c00000, 0x00000007a0000000)
  object space 94208K, 60% used [0x0000000760000000,0x00000007637692a0,0x0000000765c00000)
 Metaspace       used 84145K, capacity 92166K, committed 92376K, reserved 1128448K
  class space    used 10721K, capacity 12485K, committed 12544K, reserved 1048576K
}
Event: 5944.295 GC heap before
{Heap before GC invocations=43 (full 3):
 PSYoungGen      total 165376K, used 165183K [0x00000007a0000000, 0x00000007ad600000, 0x00000007c0000000)
  eden space 136192K, 99% used [0x00000007a0000000,0x00000007a84f3500,0x00000007a8500000)
  from space 29184K, 99% used [0x00000007a8a00000,0x00000007aa65cae8,0x00000007aa680000)
  to   space 41472K, 0% used [0x00000007aad80000,0x00000007aad80000,0x00000007ad600000)
 ParOldGen       total 94208K, used 56740K [0x0000000760000000, 0x0000000765c00000, 0x00000007a0000000)
  object space 94208K, 60% used [0x0000000760000000,0x00000007637692a0,0x0000000765c00000)
 Metaspace       used 84215K, capacity 92302K, committed 92376K, reserved 1128448K
  class space    used 10721K, capacity 12485K, committed 12544K, reserved 1048576K
Event: 5944.349 GC heap after
Heap after GC invocations=43 (full 3):
 PSYoungGen      total 167424K, used 29336K [0x00000007a0000000, 0x00000007ad080000, 0x00000007c0000000)
  eden space 131584K, 0% used [0x00000007a0000000,0x00000007a0000000,0x00000007a8080000)
  from space 35840K, 81% used [0x00000007aad80000,0x00000007aca26250,0x00000007ad080000)
  to   space 40960K, 0% used [0x00000007a8080000,0x00000007a8080000,0x00000007aa880000)
 ParOldGen       total 94208K, used 56864K [0x0000000760000000, 0x0000000765c00000, 0x00000007a0000000)
  object space 94208K, 60% used [0x0000000760000000,0x0000000763788128,0x0000000765c00000)
 Metaspace       used 84215K, capacity 92302K, committed 92376K, reserved 1128448K
  class space    used 10721K, capacity 12485K, committed 12544K, reserved 1048576K
}

